<?xml version="1.0" encoding="UTF-8"?>
<!-- Generated by org.testng.reporters.JUnitReportReporter -->
<testsuite skipped="0" hostname="DESKTOP-VQBVTFO" name="qaclickacademy.AppiumTest" tests="2" failures="0" timestamp="2020-12-11T01:58:04 EST" time="0.007" errors="0">
  <testcase name="NativeAPAndroid" time="0.001" classname="qaclickacademy.AppiumTest"/>
  <system-out/>
  <testcase name="IOSApps" time="0.006" classname="qaclickacademy.AppiumTest"/>
  <system-out/>
</testsuite> <!-- qaclickacademy.AppiumTest -->
